
**** Build of configuration Debug for project Lab_2 ****

"C:\\ti\\ccs1010\\ccs\\utils\\bin\\gmake" -k -j 8 all -O 
 
Building file: "../Main.c"
Invoking: ARM Compiler
"C:/ti/ccs1010/ccs/tools/compiler/ti-cgt-arm_20.2.1.LTS/bin/armcl" -mv7M4 --code_state=16 --float_support=FPv4SPD16 -me --include_path="U:/CPRE288/LAB06/Lab_2" --include_path="C:/ti/TivaWare_C_Series-2.1.4.178" --include_path="C:/ti/ccs1010/ccs/tools/compiler/ti-cgt-arm_20.2.1.LTS/include" --define=ccs="ccs" --define=PART_TM4C123GH6PM -g --gcc --diag_warning=225 --diag_wrap=off --display_error_number --abi=eabi --preproc_with_compile --preproc_dependency="Main.d_raw"  "../Main.c"
 
>> Compilation failure
subdir_rules.mk:9: recipe for target 'Main.obj' failed
"../Main.c", line 5: fatal error #1965: cannot open source file "cyBot_uart.h"
1 catastrophic error detected in the compilation of "../Main.c".
Compilation terminated.
gmake: *** [Main.obj] Error 1
Building file: "../lab4_template.c"
Invoking: ARM Compiler
"C:/ti/ccs1010/ccs/tools/compiler/ti-cgt-arm_20.2.1.LTS/bin/armcl" -mv7M4 --code_state=16 --float_support=FPv4SPD16 -me --include_path="U:/CPRE288/LAB06/Lab_2" --include_path="C:/ti/TivaWare_C_Series-2.1.4.178" --include_path="C:/ti/ccs1010/ccs/tools/compiler/ti-cgt-arm_20.2.1.LTS/include" --define=ccs="ccs" --define=PART_TM4C123GH6PM -g --gcc --diag_warning=225 --diag_wrap=off --display_error_number --abi=eabi --preproc_with_compile --preproc_dependency="lab4_template.d_raw"  "../lab4_template.c"
Finished building: "../lab4_template.c"
 
Building file: "../button.c"
Invoking: ARM Compiler
"C:/ti/ccs1010/ccs/tools/compiler/ti-cgt-arm_20.2.1.LTS/bin/armcl" -mv7M4 --code_state=16 --float_support=FPv4SPD16 -me --include_path="U:/CPRE288/LAB06/Lab_2" --include_path="C:/ti/TivaWare_C_Series-2.1.4.178" --include_path="C:/ti/ccs1010/ccs/tools/compiler/ti-cgt-arm_20.2.1.LTS/include" --define=ccs="ccs" --define=PART_TM4C123GH6PM -g --gcc --diag_warning=225 --diag_wrap=off --display_error_number --abi=eabi --preproc_with_compile --preproc_dependency="button.d_raw"  "../button.c"
Finished building: "../button.c"
 
Building file: "../Timer.c"
Invoking: ARM Compiler
"C:/ti/ccs1010/ccs/tools/compiler/ti-cgt-arm_20.2.1.LTS/bin/armcl" -mv7M4 --code_state=16 --float_support=FPv4SPD16 -me --include_path="U:/CPRE288/LAB06/Lab_2" --include_path="C:/ti/TivaWare_C_Series-2.1.4.178" --include_path="C:/ti/ccs1010/ccs/tools/compiler/ti-cgt-arm_20.2.1.LTS/include" --define=ccs="ccs" --define=PART_TM4C123GH6PM -g --gcc --diag_warning=225 --diag_wrap=off --display_error_number --abi=eabi --preproc_with_compile --preproc_dependency="Timer.d_raw"  "../Timer.c"
Finished building: "../Timer.c"
 
Building file: "../resetSimulation.c"
Invoking: ARM Compiler
"C:/ti/ccs1010/ccs/tools/compiler/ti-cgt-arm_20.2.1.LTS/bin/armcl" -mv7M4 --code_state=16 --float_support=FPv4SPD16 -me --include_path="U:/CPRE288/LAB06/Lab_2" --include_path="C:/ti/TivaWare_C_Series-2.1.4.178" --include_path="C:/ti/ccs1010/ccs/tools/compiler/ti-cgt-arm_20.2.1.LTS/include" --define=ccs="ccs" --define=PART_TM4C123GH6PM -g --gcc --diag_warning=225 --diag_wrap=off --display_error_number --abi=eabi --preproc_with_compile --preproc_dependency="resetSimulation.d_raw"  "../resetSimulation.c"
Finished building: "../resetSimulation.c"
 
Building file: "../tm4c123gh6pm_startup_ccs.c"
Invoking: ARM Compiler
"C:/ti/ccs1010/ccs/tools/compiler/ti-cgt-arm_20.2.1.LTS/bin/armcl" -mv7M4 --code_state=16 --float_support=FPv4SPD16 -me --include_path="U:/CPRE288/LAB06/Lab_2" --include_path="C:/ti/TivaWare_C_Series-2.1.4.178" --include_path="C:/ti/ccs1010/ccs/tools/compiler/ti-cgt-arm_20.2.1.LTS/include" --define=ccs="ccs" --define=PART_TM4C123GH6PM -g --gcc --diag_warning=225 --diag_wrap=off --display_error_number --abi=eabi --preproc_with_compile --preproc_dependency="tm4c123gh6pm_startup_ccs.d_raw"  "../tm4c123gh6pm_startup_ccs.c"
Finished building: "../tm4c123gh6pm_startup_ccs.c"
 
Building file: "../lcd.c"
Invoking: ARM Compiler
"C:/ti/ccs1010/ccs/tools/compiler/ti-cgt-arm_20.2.1.LTS/bin/armcl" -mv7M4 --code_state=16 --float_support=FPv4SPD16 -me --include_path="U:/CPRE288/LAB06/Lab_2" --include_path="C:/ti/TivaWare_C_Series-2.1.4.178" --include_path="C:/ti/ccs1010/ccs/tools/compiler/ti-cgt-arm_20.2.1.LTS/include" --define=ccs="ccs" --define=PART_TM4C123GH6PM -g --gcc --diag_warning=225 --diag_wrap=off --display_error_number --abi=eabi --preproc_with_compile --preproc_dependency="lcd.d_raw"  "../lcd.c"
Finished building: "../lcd.c"
 
Building file: "../movement.c"
Invoking: ARM Compiler
"C:/ti/ccs1010/ccs/tools/compiler/ti-cgt-arm_20.2.1.LTS/bin/armcl" -mv7M4 --code_state=16 --float_support=FPv4SPD16 -me --include_path="U:/CPRE288/LAB06/Lab_2" --include_path="C:/ti/TivaWare_C_Series-2.1.4.178" --include_path="C:/ti/ccs1010/ccs/tools/compiler/ti-cgt-arm_20.2.1.LTS/include" --define=ccs="ccs" --define=PART_TM4C123GH6PM -g --gcc --diag_warning=225 --diag_wrap=off --display_error_number --abi=eabi --preproc_with_compile --preproc_dependency="movement.d_raw"  "../movement.c"
Finished building: "../movement.c"
 
Building file: "../open_interface.c"
Invoking: ARM Compiler
"C:/ti/ccs1010/ccs/tools/compiler/ti-cgt-arm_20.2.1.LTS/bin/armcl" -mv7M4 --code_state=16 --float_support=FPv4SPD16 -me --include_path="U:/CPRE288/LAB06/Lab_2" --include_path="C:/ti/TivaWare_C_Series-2.1.4.178" --include_path="C:/ti/ccs1010/ccs/tools/compiler/ti-cgt-arm_20.2.1.LTS/include" --define=ccs="ccs" --define=PART_TM4C123GH6PM -g --gcc --diag_warning=225 --diag_wrap=off --display_error_number --abi=eabi --preproc_with_compile --preproc_dependency="open_interface.d_raw"  "../open_interface.c"
"../open_interface.c", line 356: warning #179-D: variable "charging_state" was declared but never referenced
Finished building: "../open_interface.c"
 
gmake: Target 'all' not remade because of errors.

**** Build Finished ****
